TN:
SF:src/PhaseGuard.sol
DA:130,81
FN:130,PhaseGuard._phaseGuardInit
FNDA:81,PhaseGuard._phaseGuardInit
DA:131,81
BRDA:131,0,0,1
DA:132,1
DA:135,80
DA:137,80
BRDA:137,1,0,-
DA:138,80
DA:139,80
DA:152,17
FN:152,PhaseGuard.withMutating
FNDA:17,PhaseGuard.withMutating
DA:153,17
DA:155,8
DA:162,10
FN:162,PhaseGuard.withView
FNDA:10,PhaseGuard.withView
DA:163,10
DA:178,34
FN:178,PhaseGuard.transitionTo
FNDA:34,PhaseGuard.transitionTo
DA:179,34
DA:180,32
DA:182,32
DA:185,32
BRDA:185,2,0,1
DA:188,31
DA:189,31
BRDA:189,3,0,1
DA:192,30
DA:193,30
DA:194,30
DA:196,30
DA:205,16
FN:205,PhaseGuard.phase
FNDA:16,PhaseGuard.phase
DA:206,16
DA:213,6
FN:213,PhaseGuard.phaseStackDepth
FNDA:6,PhaseGuard.phaseStackDepth
DA:214,6
DA:220,6
FN:220,PhaseGuard.phaseStackBase
FNDA:6,PhaseGuard.phaseStackBase
DA:221,6
DA:234,64
FN:234,PhaseGuard.isTransitionAllowed
FNDA:64,PhaseGuard.isTransitionAllowed
DA:236,191
BRDA:236,4,0,8
DA:237,8
DA:241,183
BRDA:241,5,0,71
DA:242,71
DA:243,33
DA:244,24
DA:245,16
DA:249,112
BRDA:249,6,0,49
DA:250,49
DA:254,63
BRDA:254,7,0,17
DA:255,17
DA:259,46
BRDA:259,8,0,14
DA:260,14
DA:261,12
DA:262,10
DA:266,32
BRDA:266,9,0,15
DA:267,15
DA:268,12
DA:273,17
DA:280,8
FN:280,PhaseGuard.isStable
FNDA:8,PhaseGuard.isStable
DA:281,200
DA:282,104
DA:283,77
DA:284,51
DA:291,8
FN:291,PhaseGuard.getPolicy
FNDA:8,PhaseGuard.getPolicy
DA:293,197
BRDA:293,10,0,1
DA:296,196
BRDA:296,11,0,82
DA:297,82
DA:301,114
BRDA:301,12,0,42
DA:302,42
DA:306,72
BRDA:306,13,0,16
DA:307,16
DA:311,56
BRDA:311,14,0,2
DA:312,2
DA:316,54
BRDA:316,15,0,15
DA:317,15
DA:321,39
BRDA:321,16,0,18
DA:322,18
DA:326,21
BRDA:326,17,0,21
DA:327,21
DA:332,0
DA:372,43
FN:372,PhaseGuard._startExternalizing
FNDA:43,PhaseGuard._startExternalizing
DA:375,43
DA:376,43
DA:381,30
FN:381,PhaseGuard._endExternalizing
FNDA:30,PhaseGuard._endExternalizing
DA:382,30
DA:393,9
FN:393,PhaseGuard._startExternalizingWithCallback
FNDA:9,PhaseGuard._startExternalizingWithCallback
DA:394,9
DA:395,9
DA:400,7
FN:400,PhaseGuard._endExternalizingWithCallback
FNDA:7,PhaseGuard._endExternalizingWithCallback
DA:402,7
DA:404,7
DA:412,10
FN:412,PhaseGuard._startCallbacking
FNDA:10,PhaseGuard._startCallbacking
DA:414,10
DA:415,10
DA:422,7
FN:422,PhaseGuard._endCallbacking
FNDA:7,PhaseGuard._endCallbacking
DA:423,7
DA:439,99
FN:439,PhaseGuard._enterPhase
FNDA:99,PhaseGuard._enterPhase
DA:440,99
DA:443,99
DA:444,99
BRDA:444,18,0,3
DA:445,3
DA:451,96
DA:452,96
BRDA:452,19,0,4
DA:455,92
DA:456,92
DA:457,92
DA:465,69
FN:465,PhaseGuard._exitPhase
FNDA:69,PhaseGuard._exitPhase
DA:467,69
DA:468,69
BRDA:468,20,0,1
DA:473,68
DA:474,68
BRDA:474,21,0,-
DA:477,68
DA:480,68
DA:483,68
DA:484,68
DA:495,160
FN:495,PhaseGuard._checkInvariants
FNDA:160,PhaseGuard._checkInvariants
DA:496,160
DA:497,160
BRDA:497,22,0,4
DA:501,156
BRDA:501,23,0,-
DA:502,156
BRDA:502,24,0,-
DA:513,67
FN:513,PhaseGuard._withMutatingBefore
FNDA:67,PhaseGuard._withMutatingBefore
DA:514,67
DA:516,65
DA:517,65
DA:520,65
DA:521,65
DA:524,65
BRDA:524,25,0,28
DA:525,19
BRDA:525,26,0,19
BRDA:525,26,1,9
DA:527,19
DA:530,9
DA:538,46
DA:539,46
DA:546,32
FN:546,PhaseGuard._withMutatingAfter
FNDA:32,PhaseGuard._withMutatingAfter
DA:547,32
DA:548,31
DA:552,25
FN:552,PhaseGuard._withView
FNDA:25,PhaseGuard._withView
DA:553,25
BRDA:553,27,0,6
FNF:22
FNH:22
LF:128
LH:127
BRF:29
BRH:25
end_of_record
TN:
SF:src/extensions/PhaseGuardERC4626.sol
DA:41,16
FN:41,PhaseGuardERC4626.deposit
FNDA:16,PhaseGuardERC4626.deposit
DA:42,11
DA:45,11
FN:45,PhaseGuardERC4626.mint
FNDA:11,PhaseGuardERC4626.mint
DA:46,6
DA:49,7
FN:49,PhaseGuardERC4626.withdraw
FNDA:7,PhaseGuardERC4626.withdraw
DA:50,2
DA:53,7
FN:53,PhaseGuardERC4626.redeem
FNDA:7,PhaseGuardERC4626.redeem
DA:54,2
DA:62,17
FN:62,PhaseGuardERC4626._transferIn
FNDA:17,PhaseGuardERC4626._transferIn
DA:63,17
DA:64,17
DA:65,13
DA:69,4
FN:69,PhaseGuardERC4626._transferOut
FNDA:4,PhaseGuardERC4626._transferOut
DA:70,4
DA:71,4
DA:72,4
DA:80,5
FN:80,PhaseGuardERC4626.totalAssets
FNDA:5,PhaseGuardERC4626.totalAssets
DA:81,4
DA:84,5
FN:84,PhaseGuardERC4626.totalSupply
FNDA:5,PhaseGuardERC4626.totalSupply
DA:85,4
DA:88,5
FN:88,PhaseGuardERC4626.convertToShares
FNDA:5,PhaseGuardERC4626.convertToShares
DA:89,4
DA:92,5
FN:92,PhaseGuardERC4626.convertToAssets
FNDA:5,PhaseGuardERC4626.convertToAssets
DA:93,4
DA:103,35
FN:103,PhaseGuardERC4626._totalAssets
FNDA:35,PhaseGuardERC4626._totalAssets
DA:104,35
DA:109,35
FN:109,PhaseGuardERC4626._totalSupply
FNDA:35,PhaseGuardERC4626._totalSupply
DA:110,35
DA:114,14
FN:114,PhaseGuardERC4626._convertToAssets
FNDA:14,PhaseGuardERC4626._convertToAssets
DA:115,14
DA:119,17
FN:119,PhaseGuardERC4626._convertToShares
FNDA:17,PhaseGuardERC4626._convertToShares
DA:120,17
FNF:14
FNH:14
LF:32
LH:32
BRF:0
BRH:0
end_of_record
TN:
SF:test/mocks/CallbackReceivers.sol
DA:12,2
FN:12,ERC721Receiver.onERC721Received.0
FNDA:2,ERC721Receiver.onERC721Received.0
DA:13,2
DA:14,2
DA:24,1
FN:24,ERC1155Receiver.onERC1155Received
FNDA:1,ERC1155Receiver.onERC1155Received
DA:25,1
DA:26,1
DA:35,1
FN:35,ERC777Receiver.tokensReceived
FNDA:1,ERC777Receiver.tokensReceived
DA:36,1
DA:48,1
FN:48,FlashLoanBorrower.setArbCall
FNDA:1,FlashLoanBorrower.setArbCall
DA:49,1
DA:50,1
DA:53,1
FN:53,FlashLoanBorrower.onFlashLoan
FNDA:1,FlashLoanBorrower.onFlashLoan
DA:54,1
DA:57,1
BRDA:57,0,0,1
DA:58,1
DA:59,1
BRDA:59,1,0,-
BRDA:59,1,1,1
DA:62,1
DA:73,2
FN:73,MaliciousCallbackReceiver.constructor
FNDA:2,MaliciousCallbackReceiver.constructor
DA:74,2
DA:77,2
FN:77,MaliciousCallbackReceiver.setAttackType
FNDA:2,MaliciousCallbackReceiver.setAttackType
DA:78,2
DA:82,2
FN:82,MaliciousCallbackReceiver.onERC721Received.1
FNDA:2,MaliciousCallbackReceiver.onERC721Received.1
DA:83,2
BRDA:83,2,0,1
BRDA:83,2,1,-
DA:84,1
DA:86,1
DA:88,0
FNF:8
FNH:8
LF:26
LH:25
BRF:5
BRH:3
end_of_record
TN:
SF:test/mocks/ERC20Mock.sol
DA:13,46
FN:13,ERC20Mock.mint
FNDA:46,ERC20Mock.mint
DA:14,46
FNF:1
FNH:1
LF:2
LH:2
BRF:0
BRH:0
end_of_record
TN:
SF:test/mocks/ERC20WithTransferHook.sol
DA:18,4
FN:18,ERC20WithTransferHook.mint
FNDA:4,ERC20WithTransferHook.mint
DA:19,4
DA:24,4
FN:24,ERC20WithTransferHook.setHook
FNDA:4,ERC20WithTransferHook.setHook
DA:25,4
DA:26,4
DA:31,8
FN:31,ERC20WithTransferHook._update
FNDA:8,ERC20WithTransferHook._update
DA:32,8
BRDA:32,0,0,4
DA:33,4
DA:35,4
BRDA:35,1,0,4
DA:37,4
DA:41,4
FNF:3
FNH:3
LF:11
LH:11
BRF:2
BRH:2
end_of_record
TN:
SF:test/mocks/PhaseGuardERC4626Mock.sol
DA:15,27
FN:15,PhaseGuardERC4626Mock.constructor
FNDA:27,PhaseGuardERC4626Mock.constructor
DA:19,27
DA:21,27
DA:25,36
FN:25,PhaseGuardERC4626Mock._checkAdmin
FNDA:36,PhaseGuardERC4626Mock._checkAdmin
DA:26,36
BRDA:26,0,0,8
FNF:2
FNH:2
LF:5
LH:5
BRF:1
BRH:1
end_of_record
TN:
SF:test/mocks/PhaseGuardMock.sol
DA:14,53
FN:14,PhaseGuardMock.constructor
FNDA:53,PhaseGuardMock.constructor
DA:15,53
DA:18,53
DA:22,17
FN:22,PhaseGuardMock._checkAdmin
FNDA:17,PhaseGuardMock._checkAdmin
DA:23,17
BRDA:23,0,0,4
DA:30,8
FN:30,PhaseGuardMock.dummyMutating
FNDA:8,PhaseGuardMock.dummyMutating
DA:31,3
DA:34,5
FN:34,PhaseGuardMock.dummyView
FNDA:5,PhaseGuardMock.dummyView
DA:35,3
DA:43,1
FN:43,PhaseGuardMock.mutatingWithExternalCall
FNDA:1,PhaseGuardMock.mutatingWithExternalCall
DA:44,1
DA:45,1
DA:49,1
FN:49,PhaseGuardMock.mutatingWithCallback
FNDA:1,PhaseGuardMock.mutatingWithCallback
DA:50,1
DA:51,1
DA:55,1
FN:55,PhaseGuardMock.mutatingWithMultipleExternalCalls
FNDA:1,PhaseGuardMock.mutatingWithMultipleExternalCalls
DA:57,1
DA:58,1
DA:61,1
DA:62,1
DA:67,1
FN:67,PhaseGuardMock.mutatingWithMixedExternalCalls
FNDA:1,PhaseGuardMock.mutatingWithMixedExternalCalls
DA:69,1
DA:70,1
DA:73,1
DA:74,1
DA:78,1
FN:78,PhaseGuardMock.mutatingWithNestedExternalCalls
FNDA:1,PhaseGuardMock.mutatingWithNestedExternalCalls
DA:79,1
DA:80,1
DA:84,1
FN:84,PhaseGuardMock.missingNestedExternalCalls
FNDA:1,PhaseGuardMock.missingNestedExternalCalls
DA:85,1
DA:89,1
FN:89,PhaseGuardMock.incorrectEndHelperPairing
FNDA:1,PhaseGuardMock.incorrectEndHelperPairing
DA:90,1
DA:91,1
DA:95,1
FN:95,PhaseGuardMock.incorrectStartHelperPairing
FNDA:1,PhaseGuardMock.incorrectStartHelperPairing
DA:96,1
DA:97,1
DA:101,1
FN:101,PhaseGuardMock.doubleInit
FNDA:1,PhaseGuardMock.doubleInit
DA:102,1
DA:106,1
FN:106,PhaseGuardMock.externalizingFromReady
FNDA:1,PhaseGuardMock.externalizingFromReady
DA:107,1
DA:111,1
FN:111,PhaseGuardMock.callbackingFromReady
FNDA:1,PhaseGuardMock.callbackingFromReady
DA:112,1
DA:116,4
FN:116,PhaseGuardMock.mutatingWithExternalCallTo
FNDA:4,PhaseGuardMock.mutatingWithExternalCallTo
DA:117,4
DA:118,4
DA:119,4
BRDA:119,1,0,3
BRDA:119,1,1,1
DA:120,1
DA:124,6
FN:124,PhaseGuardMock.mutatingWithCallbackTo
FNDA:6,PhaseGuardMock.mutatingWithCallbackTo
DA:125,6
DA:126,6
DA:127,6
BRDA:127,2,0,2
BRDA:127,2,1,4
DA:128,4
FNF:17
FNH:17
LF:52
LH:52
BRF:5
BRH:5
end_of_record
TN:
SF:test/unit/PhaseGuard.t.sol
DA:15,3
FN:15,AttackerReentrant.constructor
FNDA:3,AttackerReentrant.constructor
DA:16,3
DA:19,1
FN:19,AttackerReentrant.attackView
FNDA:1,AttackerReentrant.attackView
DA:20,1
DA:23,1
FN:23,AttackerReentrant.attackMutating
FNDA:1,AttackerReentrant.attackMutating
DA:24,1
DA:27,1
FN:27,AttackerReentrant.fallback
FNDA:1,AttackerReentrant.fallback
DA:28,1
FNF:4
FNH:4
LF:8
LH:8
BRF:0
BRH:0
end_of_record
