TN:
SF:src/PhaseGuard.sol
DA:134,90
FN:134,PhaseGuard._phaseGuardInit
FNDA:90,PhaseGuard._phaseGuardInit
DA:135,90
DA:136,90
BRDA:136,0,0,1
DA:137,1
DA:140,89
DA:142,89
BRDA:142,1,0,-
DA:143,89
DA:144,89
DA:157,40
FN:157,PhaseGuard.withMutating
FNDA:40,PhaseGuard.withMutating
DA:158,40
DA:160,21
DA:167,13
FN:167,PhaseGuard.withView
FNDA:13,PhaseGuard.withView
DA:168,13
DA:183,40
FN:183,PhaseGuard.transitionTo
FNDA:40,PhaseGuard.transitionTo
DA:184,40
DA:185,38
DA:187,38
DA:188,38
DA:191,38
BRDA:191,2,0,1
DA:194,37
DA:195,37
BRDA:195,3,0,1
DA:198,36
DA:199,36
DA:200,36
DA:202,36
DA:211,21
FN:211,PhaseGuard.phase
FNDA:21,PhaseGuard.phase
DA:212,21
DA:219,4
FN:219,PhaseGuard.phaseStackDepth
FNDA:4,PhaseGuard.phaseStackDepth
DA:220,4
DA:226,3
FN:226,PhaseGuard.phaseStackBase
FNDA:3,PhaseGuard.phaseStackBase
DA:227,3
DA:240,36
FN:240,PhaseGuard.isTransitionAllowed
FNDA:36,PhaseGuard.isTransitionAllowed
DA:242,144
BRDA:242,4,0,6
DA:243,6
DA:247,138
BRDA:247,5,0,96
DA:248,96
DA:249,35
DA:250,26
DA:251,14
DA:260,42
BRDA:260,6,0,14
DA:261,14
DA:262,12
DA:263,9
DA:267,28
BRDA:267,7,0,15
DA:268,15
DA:269,11
DA:272,13
DA:279,6
FN:279,PhaseGuard.isStable
FNDA:6,PhaseGuard.isStable
DA:280,270
DA:281,121
DA:282,94
DA:283,56
DA:290,6
FN:290,PhaseGuard.getPolicy
FNDA:6,PhaseGuard.getPolicy
DA:292,127
BRDA:292,8,0,2
DA:295,125
BRDA:295,9,0,67
DA:296,67
DA:300,58
BRDA:300,10,0,8
DA:301,8
DA:305,50
BRDA:305,11,0,15
DA:306,15
DA:310,35
BRDA:310,12,0,17
DA:311,17
DA:315,18
BRDA:315,13,0,18
DA:316,18
DA:321,0
DA:360,71
FN:360,PhaseGuard._enterPhase
FNDA:71,PhaseGuard._enterPhase
DA:361,71
DA:362,71
DA:365,71
DA:366,71
BRDA:366,14,0,5
DA:369,66
DA:370,66
DA:371,66
DA:379,54
FN:379,PhaseGuard._exitPhase
FNDA:54,PhaseGuard._exitPhase
DA:380,54
DA:383,54
DA:384,54
BRDA:384,15,0,-
DA:389,54
DA:390,54
BRDA:390,16,0,-
DA:393,54
DA:396,54
DA:399,54
DA:400,54
DA:411,226
FN:411,PhaseGuard._checkInvariants
FNDA:226,PhaseGuard._checkInvariants
DA:412,226
DA:413,226
DA:414,226
BRDA:414,17,0,5
DA:418,221
BRDA:418,18,0,-
DA:419,221
BRDA:419,19,0,-
DA:430,98
FN:430,PhaseGuard._withMutatingBefore
FNDA:98,PhaseGuard._withMutatingBefore
DA:431,98
DA:433,93
DA:434,93
DA:437,93
DA:438,93
DA:441,93
BRDA:441,20,0,33
DA:442,24
BRDA:442,21,0,24
BRDA:442,21,1,9
DA:444,24
DA:447,9
DA:454,71
DA:461,54
FN:461,PhaseGuard._withMutatingAfter
FNDA:54,PhaseGuard._withMutatingAfter
DA:462,54
DA:463,54
DA:467,28
FN:467,PhaseGuard._withView
FNDA:28,PhaseGuard._withView
DA:468,28
BRDA:468,22,0,8
DA:472,628
FN:472,PhaseGuard._getStorage
FNDA:628,PhaseGuard._getStorage
DA:473,628
DA:475,628
FNF:17
FNH:17
LF:108
LH:107
BRF:24
BRH:19
end_of_record
TN:
SF:src/extensions/PhaseGuardERC4626.sol
DA:41,22
FN:41,PhaseGuardERC4626.deposit
FNDA:22,PhaseGuardERC4626.deposit
DA:42,17
DA:45,11
FN:45,PhaseGuardERC4626.mint
FNDA:11,PhaseGuardERC4626.mint
DA:46,6
DA:49,9
FN:49,PhaseGuardERC4626.withdraw
FNDA:9,PhaseGuardERC4626.withdraw
DA:50,4
DA:53,7
FN:53,PhaseGuardERC4626.redeem
FNDA:7,PhaseGuardERC4626.redeem
DA:54,2
DA:62,6
FN:62,PhaseGuardERC4626.totalAssets
FNDA:6,PhaseGuardERC4626.totalAssets
DA:63,4
DA:66,5
FN:66,PhaseGuardERC4626.totalSupply
FNDA:5,PhaseGuardERC4626.totalSupply
DA:67,4
DA:70,5
FN:70,PhaseGuardERC4626.convertToShares
FNDA:5,PhaseGuardERC4626.convertToShares
DA:71,4
DA:74,5
FN:74,PhaseGuardERC4626.convertToAssets
FNDA:5,PhaseGuardERC4626.convertToAssets
DA:75,4
DA:85,45
FN:85,PhaseGuardERC4626._totalAssets
FNDA:45,PhaseGuardERC4626._totalAssets
DA:86,45
DA:91,45
FN:91,PhaseGuardERC4626._totalSupply
FNDA:45,PhaseGuardERC4626._totalSupply
DA:92,45
DA:96,16
FN:96,PhaseGuardERC4626._convertToAssets
FNDA:16,PhaseGuardERC4626._convertToAssets
DA:97,16
DA:101,25
FN:101,PhaseGuardERC4626._convertToShares
FNDA:25,PhaseGuardERC4626._convertToShares
DA:102,25
FNF:12
FNH:12
LF:24
LH:24
BRF:0
BRH:0
end_of_record
